This file contains any messages produced by compilers while
running configure, to aid debugging if configure makes a mistake.

It was created by libntruencrypt configure 1.1.0, which was
generated by GNU Autoconf 2.69.  Invocation command line was

  $ ./configure 

## --------- ##
## Platform. ##
## --------- ##

hostname = 8bf1a9a044ca
uname -m = x86_64
uname -r = 4.9.125-linuxkit
uname -s = Linux
uname -v = #1 SMP Fri Sep 7 08:20:28 UTC 2018

/usr/bin/uname -p = unknown
/bin/uname -X     = unknown

/bin/arch              = unknown
/usr/bin/arch -k       = unknown
/usr/convex/getsysinfo = unknown
/usr/bin/hostinfo      = unknown
/bin/machine           = unknown
/usr/bin/oslevel       = unknown
/bin/universe          = unknown

PATH: /usr/local/sbin
PATH: /usr/local/bin
PATH: /usr/sbin
PATH: /usr/bin
PATH: /sbin
PATH: /bin


## ----------- ##
## Core tests. ##
## ----------- ##

configure:2516: checking for gcc
configure:2532: found /usr/bin/gcc
configure:2543: result: gcc
configure:2772: checking for C compiler version
configure:2781: gcc --version >&5
gcc (Debian 6.3.0-18+deb9u1) 6.3.0 20170516
Copyright (C) 2016 Free Software Foundation, Inc.
This is free software; see the source for copying conditions.  There is NO
warranty; not even for MERCHANTABILITY or FITNESS FOR A PARTICULAR PURPOSE.

configure:2792: $? = 0
configure:2781: gcc -v >&5
Using built-in specs.
COLLECT_GCC=gcc
COLLECT_LTO_WRAPPER=/usr/lib/gcc/x86_64-linux-gnu/6/lto-wrapper
Target: x86_64-linux-gnu
Configured with: ../src/configure -v --with-pkgversion='Debian 6.3.0-18+deb9u1' --with-bugurl=file:///usr/share/doc/gcc-6/README.Bugs --enable-languages=c,ada,c++,java,go,d,fortran,objc,obj-c++ --prefix=/usr --program-suffix=-6 --program-prefix=x86_64-linux-gnu- --enable-shared --enable-linker-build-id --libexecdir=/usr/lib --without-included-gettext --enable-threads=posix --libdir=/usr/lib --enable-nls --with-sysroot=/ --enable-clocale=gnu --enable-libstdcxx-debug --enable-libstdcxx-time=yes --with-default-libstdcxx-abi=new --enable-gnu-unique-object --disable-vtable-verify --enable-libmpx --enable-plugin --enable-default-pie --with-system-zlib --disable-browser-plugin --enable-java-awt=gtk --enable-gtk-cairo --with-java-home=/usr/lib/jvm/java-1.5.0-gcj-6-amd64/jre --enable-java-home --with-jvm-root-dir=/usr/lib/jvm/java-1.5.0-gcj-6-amd64 --with-jvm-jar-dir=/usr/lib/jvm-exports/java-1.5.0-gcj-6-amd64 --with-arch-directory=amd64 --with-ecj-jar=/usr/share/java/eclipse-ecj.jar --with-target-system-zlib --enable-objc-gc=auto --enable-multiarch --with-arch-32=i686 --with-abi=m64 --with-multilib-list=m32,m64,mx32 --enable-multilib --with-tune=generic --enable-checking=release --build=x86_64-linux-gnu --host=x86_64-linux-gnu --target=x86_64-linux-gnu
Thread model: posix
gcc version 6.3.0 20170516 (Debian 6.3.0-18+deb9u1) 
configure:2792: $? = 0
configure:2781: gcc -V >&5
gcc: error: unrecognized command line option '-V'
gcc: fatal error: no input files
compilation terminated.
configure:2792: $? = 1
configure:2781: gcc -qversion >&5
gcc: error: unrecognized command line option '-qversion'; did you mean '--version'?
gcc: fatal error: no input files
compilation terminated.
configure:2792: $? = 1
configure:2812: checking whether the C compiler works
configure:2834: gcc    conftest.c  >&5
configure:2838: $? = 0
configure:2886: result: yes
configure:2889: checking for C compiler default output file name
configure:2891: result: a.out
configure:2897: checking for suffix of executables
configure:2904: gcc -o conftest    conftest.c  >&5
configure:2908: $? = 0
configure:2930: result: 
configure:2952: checking whether we are cross compiling
configure:2960: gcc -o conftest    conftest.c  >&5
configure:2964: $? = 0
configure:2971: ./conftest
configure:2975: $? = 0
configure:2990: result: no
configure:2995: checking for suffix of object files
configure:3017: gcc -c   conftest.c >&5
configure:3021: $? = 0
configure:3042: result: o
configure:3046: checking whether we are using the GNU C compiler
configure:3065: gcc -c   conftest.c >&5
configure:3065: $? = 0
configure:3074: result: yes
configure:3083: checking whether gcc accepts -g
configure:3103: gcc -c -g  conftest.c >&5
configure:3103: $? = 0
configure:3144: result: yes
configure:3161: checking for gcc option to accept ISO C89
configure:3224: gcc  -c -g -O2  conftest.c >&5
configure:3224: $? = 0
configure:3237: result: none needed
configure:3262: checking whether gcc understands -c and -o together
configure:3284: gcc -c conftest.c -o conftest2.o
configure:3287: $? = 0
configure:3284: gcc -c conftest.c -o conftest2.o
configure:3287: $? = 0
configure:3299: result: yes
configure:3322: checking how to run the C preprocessor
configure:3353: gcc -E  conftest.c
configure:3353: $? = 0
configure:3367: gcc -E  conftest.c
conftest.c:9:28: fatal error: ac_nonexistent.h: No such file or directory
 #include <ac_nonexistent.h>
                            ^
compilation terminated.
configure:3367: $? = 1
configure: failed program was:
| /* confdefs.h */
| #define PACKAGE_NAME "libntruencrypt"
| #define PACKAGE_TARNAME "libntruencrypt"
| #define PACKAGE_VERSION "1.1.0"
| #define PACKAGE_STRING "libntruencrypt 1.1.0"
| #define PACKAGE_BUGREPORT ""
| #define PACKAGE_URL ""
| /* end confdefs.h.  */
| #include <ac_nonexistent.h>
configure:3392: result: gcc -E
configure:3412: gcc -E  conftest.c
configure:3412: $? = 0
configure:3426: gcc -E  conftest.c
conftest.c:9:28: fatal error: ac_nonexistent.h: No such file or directory
 #include <ac_nonexistent.h>
                            ^
compilation terminated.
configure:3426: $? = 1
configure: failed program was:
| /* confdefs.h */
| #define PACKAGE_NAME "libntruencrypt"
| #define PACKAGE_TARNAME "libntruencrypt"
| #define PACKAGE_VERSION "1.1.0"
| #define PACKAGE_STRING "libntruencrypt 1.1.0"
| #define PACKAGE_BUGREPORT ""
| #define PACKAGE_URL ""
| /* end confdefs.h.  */
| #include <ac_nonexistent.h>
configure:3455: checking for grep that handles long lines and -e
configure:3513: result: /bin/grep
configure:3518: checking for egrep
configure:3580: result: /bin/grep -E
configure:3585: checking for ANSI C header files
configure:3605: gcc -c -g -O2  conftest.c >&5
configure:3605: $? = 0
configure:3678: gcc -o conftest -g -O2   conftest.c  >&5
configure:3678: $? = 0
configure:3678: ./conftest
configure:3678: $? = 0
configure:3689: result: yes
configure:3702: checking for sys/types.h
configure:3702: gcc -c -g -O2  conftest.c >&5
configure:3702: $? = 0
configure:3702: result: yes
configure:3702: checking for sys/stat.h
configure:3702: gcc -c -g -O2  conftest.c >&5
configure:3702: $? = 0
configure:3702: result: yes
configure:3702: checking for stdlib.h
configure:3702: gcc -c -g -O2  conftest.c >&5
configure:3702: $? = 0
configure:3702: result: yes
configure:3702: checking for string.h
configure:3702: gcc -c -g -O2  conftest.c >&5
configure:3702: $? = 0
configure:3702: result: yes
configure:3702: checking for memory.h
configure:3702: gcc -c -g -O2  conftest.c >&5
configure:3702: $? = 0
configure:3702: result: yes
configure:3702: checking for strings.h
configure:3702: gcc -c -g -O2  conftest.c >&5
configure:3702: $? = 0
configure:3702: result: yes
configure:3702: checking for inttypes.h
configure:3702: gcc -c -g -O2  conftest.c >&5
configure:3702: $? = 0
configure:3702: result: yes
configure:3702: checking for stdint.h
configure:3702: gcc -c -g -O2  conftest.c >&5
configure:3702: $? = 0
configure:3702: result: yes
configure:3702: checking for unistd.h
configure:3702: gcc -c -g -O2  conftest.c >&5
configure:3702: $? = 0
configure:3702: result: yes
configure:3717: checking fcntl.h usability
configure:3717: gcc -c -g -O2  conftest.c >&5
configure:3717: $? = 0
configure:3717: result: yes
configure:3717: checking fcntl.h presence
configure:3717: gcc -E  conftest.c
configure:3717: $? = 0
configure:3717: result: yes
configure:3717: checking for fcntl.h
configure:3717: result: yes
configure:3717: checking for stdint.h
configure:3717: result: yes
configure:3717: checking for stdlib.h
configure:3717: result: yes
configure:3717: checking for string.h
configure:3717: result: yes
configure:3717: checking for unistd.h
configure:3717: result: yes
configure:3728: checking for stdbool.h that conforms to C99
configure:3795: gcc -c -g -O2  conftest.c >&5
configure:3795: $? = 0
configure:3802: result: yes
configure:3804: checking for _Bool
configure:3804: gcc -c -g -O2  conftest.c >&5
configure:3804: $? = 0
configure:3804: gcc -c -g -O2  conftest.c >&5
conftest.c: In function 'main':
conftest.c:60:20: error: expected expression before ')' token
 if (sizeof ((_Bool)))
                    ^
configure:3804: $? = 1
configure: failed program was:
| /* confdefs.h */
| #define PACKAGE_NAME "libntruencrypt"
| #define PACKAGE_TARNAME "libntruencrypt"
| #define PACKAGE_VERSION "1.1.0"
| #define PACKAGE_STRING "libntruencrypt 1.1.0"
| #define PACKAGE_BUGREPORT ""
| #define PACKAGE_URL ""
| #define STDC_HEADERS 1
| #define HAVE_SYS_TYPES_H 1
| #define HAVE_SYS_STAT_H 1
| #define HAVE_STDLIB_H 1
| #define HAVE_STRING_H 1
| #define HAVE_MEMORY_H 1
| #define HAVE_STRINGS_H 1
| #define HAVE_INTTYPES_H 1
| #define HAVE_STDINT_H 1
| #define HAVE_UNISTD_H 1
| #define HAVE_FCNTL_H 1
| #define HAVE_STDINT_H 1
| #define HAVE_STDLIB_H 1
| #define HAVE_STRING_H 1
| #define HAVE_UNISTD_H 1
| /* end confdefs.h.  */
| #include <stdio.h>
| #ifdef HAVE_SYS_TYPES_H
| # include <sys/types.h>
| #endif
| #ifdef HAVE_SYS_STAT_H
| # include <sys/stat.h>
| #endif
| #ifdef STDC_HEADERS
| # include <stdlib.h>
| # include <stddef.h>
| #else
| # ifdef HAVE_STDLIB_H
| #  include <stdlib.h>
| # endif
| #endif
| #ifdef HAVE_STRING_H
| # if !defined STDC_HEADERS && defined HAVE_MEMORY_H
| #  include <memory.h>
| # endif
| # include <string.h>
| #endif
| #ifdef HAVE_STRINGS_H
| # include <strings.h>
| #endif
| #ifdef HAVE_INTTYPES_H
| # include <inttypes.h>
| #endif
| #ifdef HAVE_STDINT_H
| # include <stdint.h>
| #endif
| #ifdef HAVE_UNISTD_H
| # include <unistd.h>
| #endif
| int
| main ()
| {
| if (sizeof ((_Bool)))
| 	    return 0;
|   ;
|   return 0;
| }
configure:3804: result: yes
configure:3815: checking for int16_t
configure:3815: gcc -c -g -O2  conftest.c >&5
configure:3815: $? = 0
configure:3815: gcc -c -g -O2  conftest.c >&5
conftest.c: In function 'main':
conftest.c:62:12: error: size of array 'test_array' is negative
 static int test_array [1 - 2 * !((int16_t) (((((int16_t) 1 << N) << N) - 1) * 2 + 1)
            ^~~~~~~~~~
configure:3815: $? = 1
configure: failed program was:
| /* confdefs.h */
| #define PACKAGE_NAME "libntruencrypt"
| #define PACKAGE_TARNAME "libntruencrypt"
| #define PACKAGE_VERSION "1.1.0"
| #define PACKAGE_STRING "libntruencrypt 1.1.0"
| #define PACKAGE_BUGREPORT ""
| #define PACKAGE_URL ""
| #define STDC_HEADERS 1
| #define HAVE_SYS_TYPES_H 1
| #define HAVE_SYS_STAT_H 1
| #define HAVE_STDLIB_H 1
| #define HAVE_STRING_H 1
| #define HAVE_MEMORY_H 1
| #define HAVE_STRINGS_H 1
| #define HAVE_INTTYPES_H 1
| #define HAVE_STDINT_H 1
| #define HAVE_UNISTD_H 1
| #define HAVE_FCNTL_H 1
| #define HAVE_STDINT_H 1
| #define HAVE_STDLIB_H 1
| #define HAVE_STRING_H 1
| #define HAVE_UNISTD_H 1
| #define HAVE__BOOL 1
| /* end confdefs.h.  */
| #include <stdio.h>
| #ifdef HAVE_SYS_TYPES_H
| # include <sys/types.h>
| #endif
| #ifdef HAVE_SYS_STAT_H
| # include <sys/stat.h>
| #endif
| #ifdef STDC_HEADERS
| # include <stdlib.h>
| # include <stddef.h>
| #else
| # ifdef HAVE_STDLIB_H
| #  include <stdlib.h>
| # endif
| #endif
| #ifdef HAVE_STRING_H
| # if !defined STDC_HEADERS && defined HAVE_MEMORY_H
| #  include <memory.h>
| # endif
| # include <string.h>
| #endif
| #ifdef HAVE_STRINGS_H
| # include <strings.h>
| #endif
| #ifdef HAVE_INTTYPES_H
| # include <inttypes.h>
| #endif
| #ifdef HAVE_STDINT_H
| # include <stdint.h>
| #endif
| #ifdef HAVE_UNISTD_H
| # include <unistd.h>
| #endif
| 	        enum { N = 16 / 2 - 1 };
| int
| main ()
| {
| static int test_array [1 - 2 * !((int16_t) (((((int16_t) 1 << N) << N) - 1) * 2 + 1)
| 		 < (int16_t) (((((int16_t) 1 << N) << N) - 1) * 2 + 2))];
| test_array [0] = 0;
| return test_array [0];
| 
|   ;
|   return 0;
| }
configure:3815: result: yes
configure:3826: checking for int8_t
configure:3826: gcc -c -g -O2  conftest.c >&5
configure:3826: $? = 0
configure:3826: gcc -c -g -O2  conftest.c >&5
conftest.c: In function 'main':
conftest.c:62:12: error: size of array 'test_array' is negative
 static int test_array [1 - 2 * !((int8_t) (((((int8_t) 1 << N) << N) - 1) * 2 + 1)
            ^~~~~~~~~~
configure:3826: $? = 1
configure: failed program was:
| /* confdefs.h */
| #define PACKAGE_NAME "libntruencrypt"
| #define PACKAGE_TARNAME "libntruencrypt"
| #define PACKAGE_VERSION "1.1.0"
| #define PACKAGE_STRING "libntruencrypt 1.1.0"
| #define PACKAGE_BUGREPORT ""
| #define PACKAGE_URL ""
| #define STDC_HEADERS 1
| #define HAVE_SYS_TYPES_H 1
| #define HAVE_SYS_STAT_H 1
| #define HAVE_STDLIB_H 1
| #define HAVE_STRING_H 1
| #define HAVE_MEMORY_H 1
| #define HAVE_STRINGS_H 1
| #define HAVE_INTTYPES_H 1
| #define HAVE_STDINT_H 1
| #define HAVE_UNISTD_H 1
| #define HAVE_FCNTL_H 1
| #define HAVE_STDINT_H 1
| #define HAVE_STDLIB_H 1
| #define HAVE_STRING_H 1
| #define HAVE_UNISTD_H 1
| #define HAVE__BOOL 1
| /* end confdefs.h.  */
| #include <stdio.h>
| #ifdef HAVE_SYS_TYPES_H
| # include <sys/types.h>
| #endif
| #ifdef HAVE_SYS_STAT_H
| # include <sys/stat.h>
| #endif
| #ifdef STDC_HEADERS
| # include <stdlib.h>
| # include <stddef.h>
| #else
| # ifdef HAVE_STDLIB_H
| #  include <stdlib.h>
| # endif
| #endif
| #ifdef HAVE_STRING_H
| # if !defined STDC_HEADERS && defined HAVE_MEMORY_H
| #  include <memory.h>
| # endif
| # include <string.h>
| #endif
| #ifdef HAVE_STRINGS_H
| # include <strings.h>
| #endif
| #ifdef HAVE_INTTYPES_H
| # include <inttypes.h>
| #endif
| #ifdef HAVE_STDINT_H
| # include <stdint.h>
| #endif
| #ifdef HAVE_UNISTD_H
| # include <unistd.h>
| #endif
| 	        enum { N = 8 / 2 - 1 };
| int
| main ()
| {
| static int test_array [1 - 2 * !((int8_t) (((((int8_t) 1 << N) << N) - 1) * 2 + 1)
| 		 < (int8_t) (((((int8_t) 1 << N) << N) - 1) * 2 + 2))];
| test_array [0] = 0;
| return test_array [0];
| 
|   ;
|   return 0;
| }
configure:3826: result: yes
configure:3837: checking for size_t
configure:3837: gcc -c -g -O2  conftest.c >&5
configure:3837: $? = 0
configure:3837: gcc -c -g -O2  conftest.c >&5
conftest.c: In function 'main':
conftest.c:61:21: error: expected expression before ')' token
 if (sizeof ((size_t)))
                     ^
configure:3837: $? = 1
configure: failed program was:
| /* confdefs.h */
| #define PACKAGE_NAME "libntruencrypt"
| #define PACKAGE_TARNAME "libntruencrypt"
| #define PACKAGE_VERSION "1.1.0"
| #define PACKAGE_STRING "libntruencrypt 1.1.0"
| #define PACKAGE_BUGREPORT ""
| #define PACKAGE_URL ""
| #define STDC_HEADERS 1
| #define HAVE_SYS_TYPES_H 1
| #define HAVE_SYS_STAT_H 1
| #define HAVE_STDLIB_H 1
| #define HAVE_STRING_H 1
| #define HAVE_MEMORY_H 1
| #define HAVE_STRINGS_H 1
| #define HAVE_INTTYPES_H 1
| #define HAVE_STDINT_H 1
| #define HAVE_UNISTD_H 1
| #define HAVE_FCNTL_H 1
| #define HAVE_STDINT_H 1
| #define HAVE_STDLIB_H 1
| #define HAVE_STRING_H 1
| #define HAVE_UNISTD_H 1
| #define HAVE__BOOL 1
| /* end confdefs.h.  */
| #include <stdio.h>
| #ifdef HAVE_SYS_TYPES_H
| # include <sys/types.h>
| #endif
| #ifdef HAVE_SYS_STAT_H
| # include <sys/stat.h>
| #endif
| #ifdef STDC_HEADERS
| # include <stdlib.h>
| # include <stddef.h>
| #else
| # ifdef HAVE_STDLIB_H
| #  include <stdlib.h>
| # endif
| #endif
| #ifdef HAVE_STRING_H
| # if !defined STDC_HEADERS && defined HAVE_MEMORY_H
| #  include <memory.h>
| # endif
| # include <string.h>
| #endif
| #ifdef HAVE_STRINGS_H
| # include <strings.h>
| #endif
| #ifdef HAVE_INTTYPES_H
| # include <inttypes.h>
| #endif
| #ifdef HAVE_STDINT_H
| # include <stdint.h>
| #endif
| #ifdef HAVE_UNISTD_H
| # include <unistd.h>
| #endif
| int
| main ()
| {
| if (sizeof ((size_t)))
| 	    return 0;
|   ;
|   return 0;
| }
configure:3837: result: yes
configure:3848: checking for uint16_t
configure:3848: gcc -c -g -O2  conftest.c >&5
configure:3848: $? = 0
configure:3848: result: yes
configure:3860: checking for uint32_t
configure:3860: gcc -c -g -O2  conftest.c >&5
configure:3860: $? = 0
configure:3860: result: yes
configure:3874: checking for uint64_t
configure:3874: gcc -c -g -O2  conftest.c >&5
configure:3874: $? = 0
configure:3874: result: yes
configure:3888: checking for uint8_t
configure:3888: gcc -c -g -O2  conftest.c >&5
configure:3888: $? = 0
configure:3888: result: yes
configure:3905: checking for stdlib.h
configure:3905: result: yes
configure:3915: checking for GNU libc compatible malloc
configure:3939: gcc -o conftest -g -O2   conftest.c  >&5
configure:3939: $? = 0
configure:3939: ./conftest
configure:3939: $? = 0
configure:3949: result: yes
configure:3973: checking for memmove
configure:3973: gcc -o conftest -g -O2   conftest.c  >&5
conftest.c:50:6: warning: conflicting types for built-in function 'memmove'
 char memmove ();
      ^~~~~~~
configure:3973: $? = 0
configure:3973: result: yes
configure:3973: checking for memset
configure:3973: gcc -o conftest -g -O2   conftest.c  >&5
conftest.c:51:6: warning: conflicting types for built-in function 'memset'
 char memset ();
      ^~~~~~
configure:3973: $? = 0
configure:3973: result: yes
configure:4037: checking for pkg-config
configure:4055: found /usr/bin/pkg-config
configure:4067: result: /usr/bin/pkg-config
configure:4092: checking pkg-config is at least version 0.9.0
configure:4095: result: yes
configure:4105: checking for CHECK
configure:4112: $PKG_CONFIG --exists --print-errors "check >= 0.9.6"
Package check was not found in the pkg-config search path.
Perhaps you should add the directory containing `check.pc'
to the PKG_CONFIG_PATH environment variable
No package 'check' found
configure:4115: $? = 1
configure:4129: $PKG_CONFIG --exists --print-errors "check >= 0.9.6"
Package check was not found in the pkg-config search path.
Perhaps you should add the directory containing `check.pc'
to the PKG_CONFIG_PATH environment variable
No package 'check' found
configure:4132: $? = 1
configure:4146: result: no
No package 'check' found
configure:4187: checking build system type
configure:4201: result: x86_64-pc-linux-gnu
configure:4221: checking host system type
configure:4234: result: x86_64-pc-linux-gnu
configure:4271: checking for a BSD-compatible install
configure:4339: result: /usr/bin/install -c
configure:4350: checking whether build environment is sane
configure:4405: result: yes
configure:4553: checking for a thread-safe mkdir -p
configure:4592: result: /bin/mkdir -p
configure:4599: checking for gawk
configure:4629: result: no
configure:4599: checking for mawk
configure:4615: found /usr/bin/mawk
configure:4626: result: mawk
configure:4637: checking whether make sets $(MAKE)
configure:4659: result: yes
configure:4689: checking for style of include used by make
configure:4717: result: GNU
configure:4751: checking whether make supports nested variables
configure:4768: result: yes
configure:4853: checking dependency style of gcc
configure:4964: result: gcc3
configure:5033: checking whether make supports nested variables
configure:5050: result: yes
configure:5108: checking how to print strings
configure:5135: result: printf
configure:5156: checking for a sed that does not truncate output
configure:5220: result: /bin/sed
configure:5238: checking for fgrep
configure:5300: result: /bin/grep -F
configure:5335: checking for ld used by gcc
configure:5402: result: /usr/bin/ld
configure:5409: checking if the linker (/usr/bin/ld) is GNU ld
configure:5424: result: yes
configure:5436: checking for BSD- or MS-compatible name lister (nm)
configure:5490: result: /usr/bin/nm -B
configure:5620: checking the name lister (/usr/bin/nm -B) interface
configure:5627: gcc -c -g -O2  conftest.c >&5
configure:5630: /usr/bin/nm -B "conftest.o"
configure:5633: output
0000000000000000 B some_variable
configure:5640: result: BSD nm
configure:5643: checking whether ln -s works
configure:5647: result: yes
configure:5655: checking the maximum length of command line arguments
configure:5786: result: 1572864
configure:5834: checking how to convert x86_64-pc-linux-gnu file names to x86_64-pc-linux-gnu format
configure:5874: result: func_convert_file_noop
configure:5881: checking how to convert x86_64-pc-linux-gnu file names to toolchain format
configure:5901: result: func_convert_file_noop
configure:5908: checking for /usr/bin/ld option to reload object files
configure:5915: result: -r
configure:5989: checking for objdump
configure:6005: found /usr/bin/objdump
configure:6016: result: objdump
configure:6048: checking how to recognize dependent libraries
configure:6248: result: pass_all
configure:6333: checking for dlltool
configure:6363: result: no
configure:6393: checking how to associate runtime and link libraries
configure:6420: result: printf %s\n
configure:6480: checking for ar
configure:6496: found /usr/bin/ar
configure:6507: result: ar
configure:6544: checking for archiver @FILE support
configure:6561: gcc -c -g -O2  conftest.c >&5
configure:6561: $? = 0
configure:6564: ar cru libconftest.a @conftest.lst >&5
ar: `u' modifier ignored since `D' is the default (see `U')
configure:6567: $? = 0
configure:6572: ar cru libconftest.a @conftest.lst >&5
ar: `u' modifier ignored since `D' is the default (see `U')
ar: conftest.o: No such file or directory
configure:6575: $? = 1
configure:6587: result: @
configure:6645: checking for strip
configure:6661: found /usr/bin/strip
configure:6672: result: strip
configure:6744: checking for ranlib
configure:6760: found /usr/bin/ranlib
configure:6771: result: ranlib
configure:6873: checking command to parse /usr/bin/nm -B output from gcc object
configure:7026: gcc -c -g -O2  conftest.c >&5
configure:7029: $? = 0
configure:7033: /usr/bin/nm -B conftest.o \| sed -n -e 's/^.*[ ]\([ABCDGIRSTW][ABCDGIRSTW]*\)[ ][ ]*\([_A-Za-z][_A-Za-z0-9]*\)$/\1 \2 \2/p' | sed '/ __gnu_lto/d' \> conftest.nm
configure:7036: $? = 0
configure:7102: gcc -o conftest -g -O2   conftest.c conftstm.o >&5
configure:7105: $? = 0
configure:7143: result: ok
configure:7190: checking for sysroot
configure:7220: result: no
configure:7227: checking for a working dd
configure:7265: result: /bin/dd
configure:7269: checking how to truncate binary pipes
configure:7284: result: /bin/dd bs=4096 count=1
configure:7420: gcc -c -g -O2  conftest.c >&5
configure:7423: $? = 0
configure:7613: checking for mt
configure:7643: result: no
configure:7663: checking if : is a manifest tool
configure:7669: : '-?'
configure:7677: result: no
configure:8351: checking for dlfcn.h
configure:8351: gcc -c -g -O2  conftest.c >&5
configure:8351: $? = 0
configure:8351: result: yes
configure:8607: checking for objdir
configure:8622: result: .libs
configure:8886: checking if gcc supports -fno-rtti -fno-exceptions
configure:8904: gcc -c -g -O2  -fno-rtti -fno-exceptions conftest.c >&5
cc1: warning: command line option '-fno-rtti' is valid for C++/ObjC++ but not for C
configure:8908: $? = 0
configure:8921: result: no
configure:9279: checking for gcc option to produce PIC
configure:9286: result: -fPIC -DPIC
configure:9294: checking if gcc PIC flag -fPIC -DPIC works
configure:9312: gcc -c -g -O2  -fPIC -DPIC -DPIC conftest.c >&5
configure:9316: $? = 0
configure:9329: result: yes
configure:9358: checking if gcc static flag -static works
configure:9386: result: yes
configure:9401: checking if gcc supports -c -o file.o
configure:9422: gcc -c -g -O2  -o out/conftest2.o conftest.c >&5
configure:9426: $? = 0
configure:9448: result: yes
configure:9456: checking if gcc supports -c -o file.o
configure:9503: result: yes
configure:9536: checking whether the gcc linker (/usr/bin/ld -m elf_x86_64) supports shared libraries
configure:10799: result: yes
configure:10836: checking whether -lc should be explicitly linked in
configure:10844: gcc -c -g -O2  conftest.c >&5
configure:10847: $? = 0
configure:10862: gcc -shared  -fPIC -DPIC conftest.o  -v -Wl,-soname -Wl,conftest -o conftest 2\>\&1 \| /bin/grep  -lc  \>/dev/null 2\>\&1
configure:10865: $? = 0
configure:10879: result: no
configure:11039: checking dynamic linker characteristics
configure:11620: gcc -o conftest -g -O2   -Wl,-rpath -Wl,/foo conftest.c  >&5
configure:11620: $? = 0
configure:11869: result: GNU/Linux ld.so
configure:11991: checking how to hardcode library paths into programs
configure:12016: result: immediate
configure:12564: checking whether stripping libraries is possible
configure:12569: result: yes
configure:12604: checking if libtool supports shared libraries
configure:12606: result: yes
configure:12609: checking whether to build shared libraries
configure:12634: result: yes
configure:12637: checking whether to build static libraries
configure:12641: result: yes
configure:12735: checking for gcc
configure:12762: result: gcc
configure:12991: checking for C compiler version
configure:13000: gcc --version >&5
gcc (Debian 6.3.0-18+deb9u1) 6.3.0 20170516
Copyright (C) 2016 Free Software Foundation, Inc.
This is free software; see the source for copying conditions.  There is NO
warranty; not even for MERCHANTABILITY or FITNESS FOR A PARTICULAR PURPOSE.

configure:13011: $? = 0
configure:13000: gcc -v >&5
Using built-in specs.
COLLECT_GCC=gcc
COLLECT_LTO_WRAPPER=/usr/lib/gcc/x86_64-linux-gnu/6/lto-wrapper
Target: x86_64-linux-gnu
Configured with: ../src/configure -v --with-pkgversion='Debian 6.3.0-18+deb9u1' --with-bugurl=file:///usr/share/doc/gcc-6/README.Bugs --enable-languages=c,ada,c++,java,go,d,fortran,objc,obj-c++ --prefix=/usr --program-suffix=-6 --program-prefix=x86_64-linux-gnu- --enable-shared --enable-linker-build-id --libexecdir=/usr/lib --without-included-gettext --enable-threads=posix --libdir=/usr/lib --enable-nls --with-sysroot=/ --enable-clocale=gnu --enable-libstdcxx-debug --enable-libstdcxx-time=yes --with-default-libstdcxx-abi=new --enable-gnu-unique-object --disable-vtable-verify --enable-libmpx --enable-plugin --enable-default-pie --with-system-zlib --disable-browser-plugin --enable-java-awt=gtk --enable-gtk-cairo --with-java-home=/usr/lib/jvm/java-1.5.0-gcj-6-amd64/jre --enable-java-home --with-jvm-root-dir=/usr/lib/jvm/java-1.5.0-gcj-6-amd64 --with-jvm-jar-dir=/usr/lib/jvm-exports/java-1.5.0-gcj-6-amd64 --with-arch-directory=amd64 --with-ecj-jar=/usr/share/java/eclipse-ecj.jar --with-target-system-zlib --enable-objc-gc=auto --enable-multiarch --with-arch-32=i686 --with-abi=m64 --with-multilib-list=m32,m64,mx32 --enable-multilib --with-tune=generic --enable-checking=release --build=x86_64-linux-gnu --host=x86_64-linux-gnu --target=x86_64-linux-gnu
Thread model: posix
gcc version 6.3.0 20170516 (Debian 6.3.0-18+deb9u1) 
configure:13011: $? = 0
configure:13000: gcc -V >&5
gcc: error: unrecognized command line option '-V'
gcc: fatal error: no input files
compilation terminated.
configure:13011: $? = 1
configure:13000: gcc -qversion >&5
gcc: error: unrecognized command line option '-qversion'; did you mean '--version'?
gcc: fatal error: no input files
compilation terminated.
configure:13011: $? = 1
configure:13015: checking whether we are using the GNU C compiler
configure:13043: result: yes
configure:13052: checking whether gcc accepts -g
configure:13113: result: yes
configure:13130: checking for gcc option to accept ISO C89
configure:13206: result: none needed
configure:13231: checking whether gcc understands -c and -o together
configure:13268: result: yes
configure:13438: checking that generated files are newer than configure
configure:13444: result: done
configure:13475: creating ./config.status

## ---------------------- ##
## Running config.status. ##
## ---------------------- ##

This file was extended by libntruencrypt config.status 1.1.0, which was
generated by GNU Autoconf 2.69.  Invocation command line was

  CONFIG_FILES    = 
  CONFIG_HEADERS  = 
  CONFIG_LINKS    = 
  CONFIG_COMMANDS = 
  $ ./config.status 

on 8bf1a9a044ca

config.status:1106: creating Makefile
config.status:1106: creating config.h
config.status:1287: config.h is unchanged
config.status:1335: executing depfiles commands
config.status:1335: executing libtool commands

## ---------------- ##
## Cache variables. ##
## ---------------- ##

ac_cv_build=x86_64-pc-linux-gnu
ac_cv_c_compiler_gnu=yes
ac_cv_c_int16_t=yes
ac_cv_c_int8_t=yes
ac_cv_c_uint16_t=yes
ac_cv_c_uint32_t=yes
ac_cv_c_uint64_t=yes
ac_cv_c_uint8_t=yes
ac_cv_env_CC_set=
ac_cv_env_CC_value=
ac_cv_env_CFLAGS_set=
ac_cv_env_CFLAGS_value=
ac_cv_env_CHECK_CFLAGS_set=
ac_cv_env_CHECK_CFLAGS_value=
ac_cv_env_CHECK_LIBS_set=
ac_cv_env_CHECK_LIBS_value=
ac_cv_env_CPPFLAGS_set=
ac_cv_env_CPPFLAGS_value=
ac_cv_env_CPP_set=
ac_cv_env_CPP_value=
ac_cv_env_LDFLAGS_set=
ac_cv_env_LDFLAGS_value=
ac_cv_env_LIBS_set=
ac_cv_env_LIBS_value=
ac_cv_env_LT_SYS_LIBRARY_PATH_set=
ac_cv_env_LT_SYS_LIBRARY_PATH_value=
ac_cv_env_PKG_CONFIG_LIBDIR_set=
ac_cv_env_PKG_CONFIG_LIBDIR_value=
ac_cv_env_PKG_CONFIG_PATH_set=
ac_cv_env_PKG_CONFIG_PATH_value=
ac_cv_env_PKG_CONFIG_set=
ac_cv_env_PKG_CONFIG_value=
ac_cv_env_build_alias_set=
ac_cv_env_build_alias_value=
ac_cv_env_host_alias_set=
ac_cv_env_host_alias_value=
ac_cv_env_target_alias_set=
ac_cv_env_target_alias_value=
ac_cv_func_malloc_0_nonnull=yes
ac_cv_func_memmove=yes
ac_cv_func_memset=yes
ac_cv_header_dlfcn_h=yes
ac_cv_header_fcntl_h=yes
ac_cv_header_inttypes_h=yes
ac_cv_header_memory_h=yes
ac_cv_header_stdbool_h=yes
ac_cv_header_stdc=yes
ac_cv_header_stdint_h=yes
ac_cv_header_stdlib_h=yes
ac_cv_header_string_h=yes
ac_cv_header_strings_h=yes
ac_cv_header_sys_stat_h=yes
ac_cv_header_sys_types_h=yes
ac_cv_header_unistd_h=yes
ac_cv_host=x86_64-pc-linux-gnu
ac_cv_objext=o
ac_cv_path_EGREP='/bin/grep -E'
ac_cv_path_FGREP='/bin/grep -F'
ac_cv_path_GREP=/bin/grep
ac_cv_path_SED=/bin/sed
ac_cv_path_ac_pt_PKG_CONFIG=/usr/bin/pkg-config
ac_cv_path_install='/usr/bin/install -c'
ac_cv_path_lt_DD=/bin/dd
ac_cv_path_mkdir=/bin/mkdir
ac_cv_prog_AWK=mawk
ac_cv_prog_CPP='gcc -E'
ac_cv_prog_ac_ct_AR=ar
ac_cv_prog_ac_ct_CC=gcc
ac_cv_prog_ac_ct_OBJDUMP=objdump
ac_cv_prog_ac_ct_RANLIB=ranlib
ac_cv_prog_ac_ct_STRIP=strip
ac_cv_prog_cc_c89=
ac_cv_prog_cc_g=yes
ac_cv_prog_make_make_set=yes
ac_cv_type__Bool=yes
ac_cv_type_size_t=yes
am_cv_CC_dependencies_compiler_type=gcc3
am_cv_make_support_nested_variables=yes
am_cv_prog_cc_c_o=yes
lt_cv_ar_at_file=@
lt_cv_archive_cmds_need_lc=no
lt_cv_deplibs_check_method=pass_all
lt_cv_file_magic_cmd='$MAGIC_CMD'
lt_cv_file_magic_test_file=
lt_cv_ld_reload_flag=-r
lt_cv_nm_interface='BSD nm'
lt_cv_objdir=.libs
lt_cv_path_LD=/usr/bin/ld
lt_cv_path_NM='/usr/bin/nm -B'
lt_cv_path_mainfest_tool=no
lt_cv_prog_compiler_c_o=yes
lt_cv_prog_compiler_pic='-fPIC -DPIC'
lt_cv_prog_compiler_pic_works=yes
lt_cv_prog_compiler_rtti_exceptions=no
lt_cv_prog_compiler_static_works=yes
lt_cv_prog_gnu_ld=yes
lt_cv_sharedlib_from_linklib_cmd='printf %s\n'
lt_cv_shlibpath_overrides_runpath=yes
lt_cv_sys_global_symbol_pipe='sed -n -e '\''s/^.*[	 ]\([ABCDGIRSTW][ABCDGIRSTW]*\)[	 ][	 ]*\([_A-Za-z][_A-Za-z0-9]*\)$/\1 \2 \2/p'\'' | sed '\''/ __gnu_lto/d'\'''
lt_cv_sys_global_symbol_to_c_name_address='sed -n -e '\''s/^: \(.*\) .*$/  {"\1", (void *) 0},/p'\'' -e '\''s/^[ABCDGIRSTW][ABCDGIRSTW]* .* \(.*\)$/  {"\1", (void *) \&\1},/p'\'''
lt_cv_sys_global_symbol_to_c_name_address_lib_prefix='sed -n -e '\''s/^: \(.*\) .*$/  {"\1", (void *) 0},/p'\'' -e '\''s/^[ABCDGIRSTW][ABCDGIRSTW]* .* \(lib.*\)$/  {"\1", (void *) \&\1},/p'\'' -e '\''s/^[ABCDGIRSTW][ABCDGIRSTW]* .* \(.*\)$/  {"lib\1", (void *) \&\1},/p'\'''
lt_cv_sys_global_symbol_to_cdecl='sed -n -e '\''s/^T .* \(.*\)$/extern int \1();/p'\'' -e '\''s/^[ABCDGIRSTW][ABCDGIRSTW]* .* \(.*\)$/extern char \1;/p'\'''
lt_cv_sys_global_symbol_to_import=
lt_cv_sys_max_cmd_len=1572864
lt_cv_to_host_file_cmd=func_convert_file_noop
lt_cv_to_tool_file_cmd=func_convert_file_noop
lt_cv_truncate_bin='/bin/dd bs=4096 count=1'

## ----------------- ##
## Output variables. ##
## ----------------- ##

ACLOCAL='${SHELL} /root/NTRUEncrypt/config/missing aclocal-1.15'
AMDEPBACKSLASH='\'
AMDEP_FALSE='#'
AMDEP_TRUE=''
AMTAR='$${TAR-tar}'
AM_BACKSLASH='\'
AM_DEFAULT_V='$(AM_DEFAULT_VERBOSITY)'
AM_DEFAULT_VERBOSITY='0'
AM_V='$(V)'
AR='ar'
AUTOCONF='${SHELL} /root/NTRUEncrypt/config/missing autoconf'
AUTOHEADER='${SHELL} /root/NTRUEncrypt/config/missing autoheader'
AUTOMAKE='${SHELL} /root/NTRUEncrypt/config/missing automake-1.15'
AWK='mawk'
CC='gcc'
CCDEPMODE='depmode=gcc3'
CFLAGS='-g -O2'
CHECK_CFLAGS=''
CHECK_LIBS=''
COVERAGE_ENABLED_FALSE=''
COVERAGE_ENABLED_TRUE='#'
CPP='gcc -E'
CPPFLAGS=''
CYGPATH_W='echo'
DEFS='-DHAVE_CONFIG_H'
DEPDIR='.deps'
DLLTOOL='false'
DSYMUTIL=''
DUMPBIN=''
ECHO_C=''
ECHO_N='-n'
ECHO_T=''
EGREP='/bin/grep -E'
EXEEXT=''
FGREP='/bin/grep -F'
GREP='/bin/grep'
HAVE_CHECK_FALSE=''
HAVE_CHECK_TRUE='#'
INSTALL_DATA='${INSTALL} -m 644'
INSTALL_PROGRAM='${INSTALL}'
INSTALL_SCRIPT='${INSTALL}'
INSTALL_STRIP_PROGRAM='$(install_sh) -c -s'
LD='/usr/bin/ld -m elf_x86_64'
LDFLAGS=''
LIBNTRUENCRYPT_SO_VERSION='1:0:1'
LIBOBJS=''
LIBS=''
LIBTOOL='$(SHELL) $(top_builddir)/libtool'
LIPO=''
LN_S='ln -s'
LTLIBOBJS=''
LT_SYS_LIBRARY_PATH=''
MAKEINFO='${SHELL} /root/NTRUEncrypt/config/missing makeinfo'
MANIFEST_TOOL=':'
MKDIR_P='/bin/mkdir -p'
NM='/usr/bin/nm -B'
NMEDIT=''
OBJDUMP='objdump'
OBJEXT='o'
OTOOL64=''
OTOOL=''
PACKAGE='libntruencrypt'
PACKAGE_BUGREPORT=''
PACKAGE_NAME='libntruencrypt'
PACKAGE_STRING='libntruencrypt 1.1.0'
PACKAGE_TARNAME='libntruencrypt'
PACKAGE_URL=''
PACKAGE_VERSION='1.1.0'
PATH_SEPARATOR=':'
PKG_CONFIG='/usr/bin/pkg-config'
PKG_CONFIG_LIBDIR=''
PKG_CONFIG_PATH=''
RANLIB='ranlib'
SED='/bin/sed'
SET_MAKE=''
SHELL='/bin/bash'
SIMD_ENABLED_FALSE=''
SIMD_ENABLED_TRUE='#'
STRIP='strip'
VERSION='1.1.0'
ac_ct_AR='ar'
ac_ct_CC='gcc'
ac_ct_DUMPBIN=''
am__EXEEXT_FALSE=''
am__EXEEXT_TRUE='#'
am__fastdepCC_FALSE='#'
am__fastdepCC_TRUE=''
am__include='include'
am__isrc=''
am__leading_dot='.'
am__nodep='_no'
am__quote=''
am__tar='$${TAR-tar} chof - "$$tardir"'
am__untar='$${TAR-tar} xf -'
bindir='${exec_prefix}/bin'
build='x86_64-pc-linux-gnu'
build_alias=''
build_cpu='x86_64'
build_os='linux-gnu'
build_vendor='pc'
datadir='${datarootdir}'
datarootdir='${prefix}/share'
docdir='${datarootdir}/doc/${PACKAGE_TARNAME}'
dvidir='${docdir}'
exec_prefix='${prefix}'
host='x86_64-pc-linux-gnu'
host_alias=''
host_cpu='x86_64'
host_os='linux-gnu'
host_vendor='pc'
htmldir='${docdir}'
includedir='${prefix}/include'
infodir='${datarootdir}/info'
install_sh='${SHELL} /root/NTRUEncrypt/config/install-sh'
libdir='${exec_prefix}/lib'
libexecdir='${exec_prefix}/libexec'
localedir='${datarootdir}/locale'
localstatedir='${prefix}/var'
mandir='${datarootdir}/man'
mkdir_p='$(MKDIR_P)'
oldincludedir='/usr/include'
pdfdir='${docdir}'
prefix='/usr/local'
program_transform_name='s,x,x,'
psdir='${docdir}'
runstatedir='${localstatedir}/run'
sbindir='${exec_prefix}/sbin'
sharedstatedir='${prefix}/com'
sysconfdir='${prefix}/etc'
target_alias=''

## ----------- ##
## confdefs.h. ##
## ----------- ##

/* confdefs.h */
#define PACKAGE_NAME "libntruencrypt"
#define PACKAGE_TARNAME "libntruencrypt"
#define PACKAGE_VERSION "1.1.0"
#define PACKAGE_STRING "libntruencrypt 1.1.0"
#define PACKAGE_BUGREPORT ""
#define PACKAGE_URL ""
#define STDC_HEADERS 1
#define HAVE_SYS_TYPES_H 1
#define HAVE_SYS_STAT_H 1
#define HAVE_STDLIB_H 1
#define HAVE_STRING_H 1
#define HAVE_MEMORY_H 1
#define HAVE_STRINGS_H 1
#define HAVE_INTTYPES_H 1
#define HAVE_STDINT_H 1
#define HAVE_UNISTD_H 1
#define HAVE_FCNTL_H 1
#define HAVE_STDINT_H 1
#define HAVE_STDLIB_H 1
#define HAVE_STRING_H 1
#define HAVE_UNISTD_H 1
#define HAVE__BOOL 1
#define HAVE_STDLIB_H 1
#define HAVE_MALLOC 1
#define HAVE_MEMMOVE 1
#define HAVE_MEMSET 1
#define PACKAGE "libntruencrypt"
#define VERSION "1.1.0"
#define HAVE_DLFCN_H 1
#define LT_OBJDIR ".libs/"

configure: exit 0
